<?xml version="1.0" encoding="UTF-8"?>
<coverage generated="1736554381769" clover="3.2.0">
  <project timestamp="1736554381769" name="All files">
    <metrics statements="2" coveredstatements="2" conditionals="0" coveredconditionals="0" methods="1" coveredmethods="1" elements="3" coveredelements="3" complexity="0" loc="2" ncloc="2" packages="1" files="1" classes="1"/>
    <file name="validate-links.js" path="C:\Users\LodeX\youtube-to-mp3-converter\backend\src\utils\validate-links.js">
      <metrics statements="2" coveredstatements="2" conditionals="0" coveredconditionals="0" methods="1" coveredmethods="1"/>
      <line num="6" count="7" type="stmt"/>
      <line num="9" count="1" type="stmt"/>
    </file>
  </project>
</coverage>
