{"C:\\Users\\LodeX\\youtube-to-mp3-converter\\backend\\src\\utils\\validate-links.js": {"path":"C:\\Users\\LodeX\\youtube-to-mp3-converter\\backend\\src\\utils\\validate-links.js","statementMap":{"0":{"start":{"line":6,"column":2},"end":{"line":6,"column":80}},"1":{"start":{"line":9,"column":0},"end":{"line":9,"column":33}}},"fnMap":{"0":{"name":"validateUrl","decl":{"start":{"line":5,"column":9},"end":{"line":5,"column":20}},"loc":{"start":{"line":5,"column":32},"end":{"line":7,"column":1}},"line":5}},"branchMap":{},"s":{"0":7,"1":1},"f":{"0":7},"b":{},"_coverageSchema":"1a1c01bbd47fc00a2c39e90264f33305004495a9","hash":"cf835a403f8a4e3040925f25d184e63d0aad3377"}
}
